# JRE version: OpenJDK Runtime Environment (11.0.13) (build 11.0.13+0-b1751.21-8125866)
# Java VM: OpenJDK 64-Bit Server VM (11.0.13+0-b1751.21-8125866, mixed mode, tiered, compressed oops, g1 gc, linux-amd64)
Heap:
 garbage-first heap   total 414720K, used 180488K [0x0000000080000000, 0x0000000100000000)
  region size 1024K, 4 young (4096K), 2 survivors (2048K)
 Metaspace       used 159322K, capacity 163215K, committed 165156K, reserved 1193984K
  class space    used 19265K, capacity 20720K, committed 21196K, reserved 1048576K
GC Heap History (20 events):
Event: 10980.914 GC heap before
{Heap before GC invocations=191 (full 0):
 garbage-first heap   total 414720K, used 199169K [0x0000000080000000, 0x0000000100000000)
  region size 1024K, 20 young (20480K), 1 survivors (1024K)
 Metaspace       used 157521K, capacity 161272K, committed 163108K, reserved 1191936K
  class space    used 19001K, capacity 20421K, committed 20940K, reserved 1048576K
}
Event: 10982.337 GC heap after
{Heap after GC invocations=192 (full 0):
 garbage-first heap   total 414720K, used 180687K [0x0000000080000000, 0x0000000100000000)
  region size 1024K, 1 young (1024K), 1 survivors (1024K)
 Metaspace       used 157521K, capacity 161272K, committed 163108K, reserved 1191936K
  class space    used 19001K, capacity 20421K, committed 20940K, reserved 1048576K
}
Event: 11801.708 GC heap before
{Heap before GC invocations=192 (full 0):
 garbage-first heap   total 414720K, used 200143K [0x0000000080000000, 0x0000000100000000)
  region size 1024K, 20 young (20480K), 1 survivors (1024K)
 Metaspace       used 157527K, capacity 161278K, committed 163108K, reserved 1191936K
  class space    used 19001K, capacity 20421K, committed 20940K, reserved 1048576K
}
Event: 11803.839 GC heap after
{Heap after GC invocations=193 (full 0):
 garbage-first heap   total 414720K, used 175538K [0x0000000080000000, 0x0000000100000000)
  region size 1024K, 1 young (1024K), 1 survivors (1024K)
 Metaspace       used 157527K, capacity 161278K, committed 163108K, reserved 1191936K
  class space    used 19001K, capacity 20421K, committed 20940K, reserved 1048576K
}
Event: 12624.708 GC heap before
{Heap before GC invocations=193 (full 0):
 garbage-first heap   total 414720K, used 194994K [0x0000000080000000, 0x0000000100000000)
  region size 1024K, 20 young (20480K), 1 survivors (1024K)
 Metaspace       used 157527K, capacity 161278K, committed 163108K, reserved 1191936K
  class space    used 19001K, capacity 20421K, committed 20940K, reserved 1048576K
}
Event: 12624.866 GC heap after
{Heap after GC invocations=194 (full 0):
 garbage-first heap   total 414720K, used 175545K [0x0000000080000000, 0x0000000100000000)
  region size 1024K, 1 young (1024K), 1 survivors (1024K)
 Metaspace       used 157527K, capacity 161278K, committed 163108K, reserved 1191936K
  class space    used 19001K, capacity 20421K, committed 20940K, reserved 1048576K
}
Event: 13450.914 GC heap before
{Heap before GC invocations=195 (full 0):
 garbage-first heap   total 414720K, used 193977K [0x0000000080000000, 0x0000000100000000)
  region size 1024K, 20 young (20480K), 1 survivors (1024K)
 Metaspace       used 157136K, capacity 160670K, committed 163108K, reserved 1191936K
  class space    used 18938K, capacity 20304K, committed 20940K, reserved 1048576K
}
Event: 13451.039 GC heap after
{Heap after GC invocations=196 (full 0):
 garbage-first heap   total 414720K, used 175527K [0x0000000080000000, 0x0000000100000000)
  region size 1024K, 1 young (1024K), 1 survivors (1024K)
 Metaspace       used 157136K, capacity 160670K, committed 163108K, reserved 1191936K
  class space    used 18938K, capacity 20304K, committed 20940K, reserved 1048576K
}
Event: 14275.914 GC heap before
{Heap before GC invocations=196 (full 0):
 garbage-first heap   total 414720K, used 194983K [0x0000000080000000, 0x0000000100000000)
  region size 1024K, 20 young (20480K), 1 survivors (1024K)
 Metaspace       used 157136K, capacity 160670K, committed 163108K, reserved 1191936K
  class space    used 18938K, capacity 20304K, committed 20940K, reserved 1048576K
}
Event: 14276.545 GC heap after
{Heap after GC invocations=197 (full 0):
 garbage-first heap   total 414720K, used 173509K [0x0000000080000000, 0x0000000100000000)
  region size 1024K, 1 young (1024K), 1 survivors (1024K)
 Metaspace       used 157136K, capacity 160670K, committed 163108K, reserved 1191936K
  class space    used 18938K, capacity 20304K, committed 20940K, reserved 1048576K
}
Event: 15114.299 GC heap before
{Heap before GC invocations=197 (full 0):
 garbage-first heap   total 414720K, used 192965K [0x0000000080000000, 0x0000000100000000)
  region size 1024K, 20 young (20480K), 1 survivors (1024K)
 Metaspace       used 157136K, capacity 160670K, committed 163108K, reserved 1191936K
  class space    used 18938K, capacity 20304K, committed 20940K, reserved 1048576K
}
Event: 15116.591 GC heap after
{Heap after GC invocations=198 (full 0):
 garbage-first heap   total 414720K, used 173514K [0x0000000080000000, 0x0000000100000000)
  region size 1024K, 1 young (1024K), 1 survivors (1024K)
 Metaspace       used 157136K, capacity 160670K, committed 163108K, reserved 1191936K
  class space    used 18938K, capacity 20304K, committed 20940K, reserved 1048576K
}
Event: 15696.123 GC heap before
{Heap before GC invocations=199 (full 0):
 garbage-first heap   total 414720K, used 191946K [0x0000000080000000, 0x0000000100000000)
  region size 1024K, 20 young (20480K), 1 survivors (1024K)
 Metaspace       used 157313K, capacity 160993K, committed 163364K, reserved 1191936K
  class space    used 18962K, capacity 20348K, committed 20940K, reserved 1048576K
}
Event: 15697.056 GC heap after
{Heap after GC invocations=200 (full 0):
 garbage-first heap   total 414720K, used 174199K [0x0000000080000000, 0x0000000100000000)
  region size 1024K, 1 young (1024K), 1 survivors (1024K)
 Metaspace       used 157313K, capacity 160993K, committed 163364K, reserved 1191936K
  class space    used 18962K, capacity 20348K, committed 20940K, reserved 1048576K
}
Event: 15722.684 GC heap before
{Heap before GC invocations=200 (full 0):
 garbage-first heap   total 414720K, used 193655K [0x0000000080000000, 0x0000000100000000)
  region size 1024K, 20 young (20480K), 1 survivors (1024K)
 Metaspace       used 157885K, capacity 161624K, committed 163748K, reserved 1191936K
  class space    used 19037K, capacity 20465K, committed 21068K, reserved 1048576K
}
Event: 15723.248 GC heap after
{Heap after GC invocations=201 (full 0):
 garbage-first heap   total 414720K, used 176130K [0x0000000080000000, 0x0000000100000000)
  region size 1024K, 3 young (3072K), 3 survivors (3072K)
 Metaspace       used 157885K, capacity 161624K, committed 163748K, reserved 1191936K
  class space    used 19037K, capacity 20465K, committed 21068K, reserved 1048576K
}
Event: 15743.598 GC heap before
{Heap before GC invocations=202 (full 0):
 garbage-first heap   total 414720K, used 192514K [0x0000000080000000, 0x0000000100000000)
  region size 1024K, 20 young (20480K), 3 survivors (3072K)
 Metaspace       used 158212K, capacity 162033K, committed 164004K, reserved 1191936K
  class space    used 19093K, capacity 20538K, committed 21068K, reserved 1048576K
}
Event: 15746.550 GC heap after
{Heap after GC invocations=203 (full 0):
 garbage-first heap   total 414720K, used 177986K [0x0000000080000000, 0x0000000100000000)
  region size 1024K, 2 young (2048K), 2 survivors (2048K)
 Metaspace       used 158212K, capacity 162033K, committed 164004K, reserved 1191936K
  class space    used 19093K, capacity 20538K, committed 21068K, reserved 1048576K
}
Event: 15756.043 GC heap before
{Heap before GC invocations=203 (full 0):
 garbage-first heap   total 414720K, used 196418K [0x0000000080000000, 0x0000000100000000)
  region size 1024K, 20 young (20480K), 2 survivors (2048K)
 Metaspace       used 159201K, capacity 163055K, committed 164900K, reserved 1193984K
  class space    used 19247K, capacity 20688K, committed 21196K, reserved 1048576K
}
Event: 15757.074 GC heap after
{Heap after GC invocations=204 (full 0):
 garbage-first heap   total 414720K, used 179464K [0x0000000080000000, 0x0000000100000000)
  region size 1024K, 2 young (2048K), 2 survivors (2048K)
 Metaspace       used 159201K, capacity 163055K, committed 164900K, reserved 1193984K
  class space    used 19247K, capacity 20688K, committed 21196K, reserved 1048576K
}

